epoch,accuracy,loss,val_accuracy,val_loss
0,0.40039631724357605,1.549384355545044,0.4187796115875244,1.5122398138046265
1,0.39949843287467957,1.5470830202102661,0.41655057668685913,1.5154972076416016
2,0.39928168058395386,1.552188515663147,0.4173864722251892,1.5240793228149414
3,0.4043594002723694,1.5424251556396484,0.41571468114852905,1.5105949640274048
4,0.3991888165473938,1.5505517721176147,0.4112566113471985,1.511307716369629
5,0.39949843287467957,1.5476443767547607,0.4168291985988617,1.50862455368042
6,0.40315189957618713,1.5422003269195557,0.42268040776252747,1.5107685327529907
7,0.4026874601840973,1.543745994567871,0.419058233499527,1.5075820684432983
8,0.40095362067222595,1.544915795326233,0.4042908847332001,1.5268042087554932
9,0.40469998121261597,1.5437456369400024,0.3948175013065338,1.5468816757202148
10,0.40519535541534424,1.5419094562530518,0.41989412903785706,1.5137912034988403
11,0.3999318778514862,1.5451951026916504,0.42268040776252747,1.5077277421951294
12,0.4007059335708618,1.5464519262313843,0.4201727509498596,1.5215356349945068
13,0.39872437715530396,1.5506399869918823,0.4146001636981964,1.5143065452575684
14,0.40321382880210876,1.5436656475067139,0.41989412903785706,1.5100131034851074
15,0.4004891812801361,1.5443569421768188,0.414878785610199,1.51185142993927
16,0.4003034234046936,1.5479950904846191,0.42713847756385803,1.4938768148422241
17,0.40113937854766846,1.54249906539917,0.4204513728618622,1.5139316320419312
18,0.40017956495285034,1.5453221797943115,0.4201727509498596,1.506689429283142
19,0.39686667919158936,1.548004150390625,0.4196154773235321,1.5063016414642334
20,0.40358537435531616,1.5408129692077637,0.42072999477386475,1.5020023584365845
21,0.39968419075012207,1.5452901124954224,0.41710782051086426,1.5090982913970947
22,0.4023469090461731,1.5465738773345947,0.42128726840019226,1.5083976984024048
23,0.400241494178772,1.5447888374328613,0.411813884973526,1.525315523147583
24,0.4025636315345764,1.5407687425613403,0.4090275764465332,1.504370093345642
25,0.4012013077735901,1.5442146062850952,0.41850098967552185,1.51253080368042
26,0.4030899703502655,1.5415884256362915,0.41850098967552185,1.5077548027038574
27,0.3990339934825897,1.546979546546936,0.4196154773235321,1.5136390924453735
28,0.40225401520729065,1.5428606271743774,0.4176650941371918,1.5090636014938354
29,0.4018205404281616,1.537929654121399,0.41850098967552185,1.5070714950561523
30,0.3959997594356537,1.5492464303970337,0.4210086464881897,1.5119414329528809
31,0.39925071597099304,1.5430546998977661,0.40707719326019287,1.5137834548950195
32,0.400674968957901,1.5440648794174194,0.4140429198741913,1.5210191011428833
33,0.40166574716567993,1.5441274642944336,0.414878785610199,1.5144298076629639
34,0.40113937854766846,1.5473154783248901,0.4187796115875244,1.513683557510376
35,0.4017276465892792,1.5416241884231567,0.4204513728618622,1.5038397312164307
36,0.40039631724357605,1.5463000535964966,0.4187796115875244,1.5054317712783813
37,0.3960616886615753,1.5473682880401611,0.4090275764465332,1.519163966178894
38,0.3986005187034607,1.5475068092346191,0.4159933030605316,1.5234026908874512
39,0.39705243706703186,1.5478476285934448,0.4126497507095337,1.516982913017273
40,0.39869341254234314,1.546681523323059,0.4168291985988617,1.5137556791305542
41,0.4032447934150696,1.5431859493255615,0.4168291985988617,1.5072141885757446
42,0.3999009132385254,1.5461273193359375,0.41794371604919434,1.5110751390457153
43,0.400674968957901,1.5432723760604858,0.40150460600852966,1.5386755466461182
44,0.4004582464694977,1.5436981916427612,0.41571468114852905,1.5108307600021362
45,0.4025326669216156,1.5439683198928833,0.41710782051086426,1.526888132095337
46,0.39835283160209656,1.5449254512786865,0.4210086464881897,1.5064289569854736
47,0.4019753634929657,1.5435760021209717,0.40707719326019287,1.5197105407714844
48,0.4005201458930969,1.545317530632019,0.42072999477386475,1.5033743381500244
49,0.40225401520729065,1.5400758981704712,0.41989412903785706,1.5049279928207397
50,0.4012013077735901,1.5411064624786377,0.4215658903121948,1.500770092010498
51,0.40036535263061523,1.5459157228469849,0.39314571022987366,1.5411511659622192
52,0.40203729271888733,1.5435571670532227,0.41794371604919434,1.5109875202178955
53,0.4023469090461731,1.5466530323028564,0.41655057668685913,1.5270413160324097
54,0.4086630642414093,1.5357649326324463,0.42212316393852234,1.4916331768035889
55,0.3969905376434326,1.5427842140197754,0.42212316393852234,1.4989458322525024
56,0.40206822752952576,1.5429718494415283,0.4084703326225281,1.5243924856185913
57,0.4015728533267975,1.5468578338623047,0.4176650941371918,1.5184962749481201
58,0.39925071597099304,1.5467716455459595,0.4126497507095337,1.5195978879928589
59,0.4010155498981476,1.5444554090499878,0.4173864722251892,1.5121229887008667
60,0.4017895758152008,1.5421894788742065,0.4168291985988617,1.5104224681854248
61,0.3988482356071472,1.5435898303985596,0.4168291985988617,1.5044218301773071
62,0.40225401520729065,1.5414974689483643,0.419058233499527,1.5057309865951538
63,0.4025636315345764,1.5440253019332886,0.4173864722251892,1.502434492111206
64,0.39980804920196533,1.5430469512939453,0.4067985415458679,1.522014856338501
65,0.4000867009162903,1.5409384965896606,0.41850098967552185,1.5110145807266235
66,0.3993436098098755,1.545619249343872,0.41850098967552185,1.5118356943130493
67,0.4023778438568115,1.542988896369934,0.4098634719848633,1.5114926099777222
68,0.39983901381492615,1.5472296476364136,0.41627195477485657,1.5178627967834473
69,0.40318286418914795,1.5451161861419678,0.4173864722251892,1.5103650093078613
70,0.4010465145111084,1.5452686548233032,0.4215658903121948,1.5077937841415405
71,0.40600037574768066,1.540297031402588,0.4196154773235321,1.5110933780670166
72,0.40281131863594055,1.5450094938278198,0.414878785610199,1.5157549381256104
73,0.3994055390357971,1.5411524772644043,0.4140429198741913,1.5161702632904053
74,0.4010155498981476,1.5455703735351562,0.41627195477485657,1.5106004476547241
75,0.4023778438568115,1.5431169271469116,0.42128726840019226,1.503673791885376
76,0.4020063281059265,1.5447393655776978,0.4084703326225281,1.5204401016235352
77,0.4032757580280304,1.5433175563812256,0.41794371604919434,1.5205415487289429
78,0.4025326669216156,1.5442917346954346,0.419058233499527,1.5099257230758667
79,0.40265652537345886,1.5390340089797974,0.41627195477485657,1.5101702213287354
80,0.4034615159034729,1.5419833660125732,0.4210086464881897,1.5005123615264893
81,0.4017895758152008,1.541477918624878,0.4154360592365265,1.516345500946045
82,0.4042355418205261,1.540382742881775,0.4151574373245239,1.5140129327774048
83,0.39980804920196533,1.5457704067230225,0.4054054021835327,1.5297001600265503
84,0.3999009132385254,1.5409326553344727,0.40930622816085815,1.5098854303359985
85,0.4007987976074219,1.5441373586654663,0.41153523325920105,1.505859613418579
86,0.4012013077735901,1.5440601110458374,0.4196154773235321,1.5071371793746948
87,0.3982290029525757,1.5429621934890747,0.41432154178619385,1.5148025751113892
88,0.4004891812801361,1.5429792404174805,0.4067985415458679,1.520339846611023
89,0.39925071597099304,1.5437194108963013,0.41989412903785706,1.5001404285430908
90,0.4016347825527191,1.5391817092895508,0.4173864722251892,1.5046703815460205
91,0.40318286418914795,1.541853904724121,0.4132070243358612,1.520495891571045
92,0.4000867009162903,1.541886568069458,0.40735581517219543,1.5267448425292969
93,0.3993436098098755,1.5404479503631592,0.40596267580986023,1.5272808074951172
94,0.3992197513580322,1.5449798107147217,0.41710782051086426,1.5064188241958618
95,0.4020063281059265,1.542128324508667,0.4204513728618622,1.5060391426086426
96,0.40073689818382263,1.5401002168655396,0.4176650941371918,1.5121039152145386
97,0.3986314833164215,1.542949914932251,0.414878785610199,1.5088937282562256
98,0.4021611213684082,1.5417433977127075,0.40791305899620056,1.5176842212677002
99,0.39968419075012207,1.5441515445709229,0.41933685541152954,1.5102859735488892
100,0.4014180302619934,1.5430043935775757,0.42630258202552795,1.5073444843292236
101,0.4025017023086548,1.541603684425354,0.4054054021835327,1.533203125
102,0.40259459614753723,1.5388208627700806,0.4062412977218628,1.5263080596923828
103,0.4012322723865509,1.5446819067001343,0.4126497507095337,1.5114331245422363
104,0.3991888165473938,1.5447866916656494,0.4196154773235321,1.5113624334335327
105,0.40522632002830505,1.541018009185791,0.41014209389686584,1.5239529609680176
106,0.40262556076049805,1.543906331062317,0.41237112879753113,1.5222479104995728
107,0.39968419075012207,1.545499563217163,0.4176650941371918,1.5130096673965454
108,0.3971762955188751,1.545168161392212,0.411813884973526,1.512015700340271
109,0.3994055390357971,1.543401837348938,0.4151574373245239,1.5130093097686768
110,0.40321382880210876,1.5381604433059692,0.41989412903785706,1.5122157335281372
111,0.4034305512905121,1.5461349487304688,0.41933685541152954,1.5123203992843628
112,0.4020991921424866,1.5407999753952026,0.41989412903785706,1.5023188591003418
113,0.40113937854766846,1.5430124998092651,0.42295902967453003,1.5049775838851929
114,0.4056597948074341,1.543585181236267,0.41989412903785706,1.503914713859558
115,0.3993436098098755,1.5459115505218506,0.42268040776252747,1.4973338842391968
116,0.4008607268333435,1.542853832244873,0.4176650941371918,1.5015320777893066
117,0.39872437715530396,1.5461095571517944,0.4187796115875244,1.5043703317642212
118,0.40036535263061523,1.5418282747268677,0.42351630330085754,1.5035122632980347
119,0.4005201458930969,1.5446491241455078,0.4182223379611969,1.5078151226043701
120,0.4019443988800049,1.546624779701233,0.42072999477386475,1.5076488256454468
121,0.40110841393470764,1.5430934429168701,0.423237681388855,1.5054744482040405
122,0.3986624479293823,1.5450084209442139,0.4173864722251892,1.504302978515625
123,0.40228497982025146,1.5408986806869507,0.42630258202552795,1.4995847940444946
124,0.40166574716567993,1.5424909591674805,0.41794371604919434,1.5059666633605957
125,0.3997770845890045,1.5436397790908813,0.4215658903121948,1.5004138946533203
126,0.39912688732147217,1.5483200550079346,0.419058233499527,1.514379858970642
127,0.4017895758152008,1.5473487377166748,0.4251880645751953,1.514389157295227
128,0.40265652537345886,1.5415878295898438,0.41348564624786377,1.5100517272949219
129,0.4034305512905121,1.5416998863220215,0.4224017858505249,1.502510905265808
130,0.40414267778396606,1.5438932180404663,0.4126497507095337,1.5274006128311157
131,0.40296614170074463,1.5421594381332397,0.4251880645751953,1.5013350248336792
132,0.4020991921424866,1.5407532453536987,0.41850098967552185,1.506113052368164
133,0.4036472737789154,1.5400298833847046,0.41794371604919434,1.5073689222335815
134,0.39925071597099304,1.5434746742248535,0.414878785610199,1.5123882293701172
135,0.3992197513580322,1.5455248355865479,0.4182223379611969,1.5075205564498901
136,0.4027184247970581,1.5419670343399048,0.42908889055252075,1.5022776126861572
137,0.40055111050605774,1.5482475757598877,0.4067985415458679,1.5196537971496582
138,0.39764073491096497,1.5424798727035522,0.419058233499527,1.5035666227340698
139,0.3992197513580322,1.5450286865234375,0.42212316393852234,1.5108656883239746
140,0.3988482356071472,1.5471974611282349,0.42128726840019226,1.512657642364502
141,0.40055111050605774,1.542858600616455,0.4237949252128601,1.498860478401184
142,0.3984147608280182,1.5435384511947632,0.4173864722251892,1.496720314025879
143,0.39816707372665405,1.544321060180664,0.4279743731021881,1.4974015951156616
144,0.3984766900539398,1.5445711612701416,0.4196154773235321,1.497916579246521
145,0.4008607268333435,1.5377471446990967,0.42490944266319275,1.505254864692688
146,0.4040497839450836,1.5390263795852661,0.4151574373245239,1.5036498308181763
147,0.4021301567554474,1.5408059358596802,0.4151574373245239,1.5008784532546997
148,0.4056907594203949,1.544175386428833,0.4154360592365265,1.51502525806427
149,0.3989720642566681,1.5461349487304688,0.4159933030605316,1.5111302137374878
150,0.4000867009162903,1.540888786315918,0.42128726840019226,1.503252387046814
151,0.4038330614566803,1.5386914014816284,0.4196154773235321,1.5118346214294434
152,0.40259459614753723,1.5427180528640747,0.4132070243358612,1.5104761123657227
153,0.39782649278640747,1.54633629322052,0.42212316393852234,1.5038695335388184
154,0.40110841393470764,1.5450650453567505,0.42212316393852234,1.5064809322357178
155,0.40129420161247253,1.5440329313278198,0.423237681388855,1.5028899908065796
156,0.4051644206047058,1.539029598236084,0.4274170994758606,1.5035488605499268
157,0.4010465145111084,1.5418647527694702,0.4187796115875244,1.5017529726028442
158,0.39906495809555054,1.5459506511688232,0.41655057668685913,1.509486436843872
159,0.40135613083839417,1.539674997329712,0.4112566113471985,1.5241177082061768
160,0.4038330614566803,1.5414109230041504,0.4310392737388611,1.5003513097763062
161,0.4017895758152008,1.542222499847412,0.4196154773235321,1.5117778778076172
162,0.39999380707740784,1.5433158874511719,0.41989412903785706,1.50057053565979
163,0.4020991921424866,1.5437482595443726,0.41933685541152954,1.506266474723816
164,0.4058455526828766,1.5422048568725586,0.4204513728618622,1.5116467475891113
165,0.3995912969112396,1.5429069995880127,0.419058233499527,1.5080193281173706
166,0.39853861927986145,1.5470553636550903,0.4237949252128601,1.5131816864013672
167,0.4040497839450836,1.5372117757797241,0.4215658903121948,1.5126099586486816
168,0.40429747104644775,1.5409799814224243,0.42212316393852234,1.5098659992218018
169,0.39819803833961487,1.5457830429077148,0.40874895453453064,1.5173449516296387
170,0.4006440043449402,1.544634222984314,0.4196154773235321,1.5044413805007935
171,0.4012013077735901,1.5416144132614136,0.4218445122241974,1.4982408285140991
172,0.4007059335708618,1.544011116027832,0.41432154178619385,1.5151113271713257
173,0.40113937854766846,1.5459502935409546,0.4187796115875244,1.5067082643508911
174,0.4012322723865509,1.5438735485076904,0.42295902967453003,1.503190040588379
175,0.4021611213684082,1.5419954061508179,0.4293675124645233,1.5043530464172363
176,0.40203729271888733,1.539118766784668,0.4218445122241974,1.5084149837493896
177,0.40600037574768066,1.539067268371582,0.41850098967552185,1.5010775327682495
178,0.40321382880210876,1.5394712686538696,0.4224017858505249,1.5054328441619873
179,0.3988172709941864,1.5430737733840942,0.4215658903121948,1.5096663236618042
180,0.39705243706703186,1.5432499647140503,0.4196154773235321,1.5047543048858643
181,0.40374016761779785,1.5405043363571167,0.419058233499527,1.525662899017334
182,0.4012322723865509,1.544905185699463,0.4109779894351959,1.514181137084961
183,0.40432843565940857,1.5411157608032227,0.41989412903785706,1.5041122436523438
184,0.40262556076049805,1.5402635335922241,0.42128726840019226,1.5016679763793945
185,0.4045451879501343,1.5419013500213623,0.4224017858505249,1.5026769638061523
186,0.40191343426704407,1.5411328077316284,0.41432154178619385,1.5158252716064453
187,0.40129420161247253,1.5439199209213257,0.4132070243358612,1.5032360553741455
188,0.40203729271888733,1.5436300039291382,0.4140429198741913,1.5222512483596802
189,0.4051644206047058,1.5430244207382202,0.42908889055252075,1.509819746017456
190,0.4051644206047058,1.5409363508224487,0.42268040776252747,1.5087733268737793
191,0.40445229411125183,1.5399528741836548,0.4257453382015228,1.5049983263015747
192,0.39912688732147217,1.5422518253326416,0.40874895453453064,1.5218828916549683
193,0.4000867009162903,1.542709231376648,0.42072999477386475,1.5042262077331543
194,0.39850765466690063,1.5414280891418457,0.4218445122241974,1.51621413230896
195,0.40166574716567993,1.5395244359970093,0.41933685541152954,1.5050491094589233
196,0.40559786558151245,1.54123854637146,0.42072999477386475,1.5127309560775757
197,0.39943650364875793,1.5410467386245728,0.4237949252128601,1.4981777667999268
198,0.40191343426704407,1.543185830116272,0.4237949252128601,1.5131065845489502
199,0.4053192138671875,1.5373646020889282,0.4224017858505249,1.5095231533050537
200,0.40055111050605774,1.5429444313049316,0.423237681388855,1.5054556131362915
201,0.40240880846977234,1.538070797920227,0.4224017858505249,1.5022308826446533
202,0.39962226152420044,1.5448851585388184,0.41850098967552185,1.4952465295791626
203,0.4026874601840973,1.5408482551574707,0.42407354712486267,1.4989062547683716
204,0.40318286418914795,1.542047142982483,0.4257453382015228,1.503185510635376
205,0.4014489948749542,1.5407137870788574,0.4151574373245239,1.5300652980804443
206,0.4008607268333435,1.5424779653549194,0.41237112879753113,1.526262879371643
207,0.40541210770606995,1.5397316217422485,0.42295902967453003,1.509914755821228
208,0.4003343880176544,1.541164755821228,0.4215658903121948,1.527259349822998
209,0.4010774791240692,1.5439313650131226,0.41571468114852905,1.5145595073699951
210,0.4017895758152008,1.5388293266296387,0.41655057668685913,1.50747549533844
211,0.4025636315345764,1.5429173707962036,0.41989412903785706,1.5079058408737183
212,0.4028732478618622,1.5406666994094849,0.4302034080028534,1.493672251701355
213,0.40191343426704407,1.5400513410568237,0.4215658903121948,1.499455213546753
214,0.4017276465892792,1.5429595708847046,0.41014209389686584,1.5278576612472534
215,0.3999318778514862,1.543229579925537,0.4040122628211975,1.535321593284607
216,0.4023778438568115,1.5416309833526611,0.41069936752319336,1.5182925462722778
217,0.4040188193321228,1.5434519052505493,0.41292840242385864,1.5142576694488525
218,0.39906495809555054,1.5456702709197998,0.4173864722251892,1.5064798593521118
219,0.4017895758152008,1.5405336618423462,0.41153523325920105,1.5149198770523071
220,0.4003034234046936,1.541651964187622,0.41989412903785706,1.5125454664230347
221,0.40017956495285034,1.5420476198196411,0.40791305899620056,1.5271823406219482
222,0.39869341254234314,1.5392136573791504,0.4151574373245239,1.5210107564926147
223,0.40021052956581116,1.5409315824508667,0.41153523325920105,1.5260752439498901
224,0.4049167037010193,1.5426809787750244,0.42713847756385803,1.5064178705215454
225,0.4051024913787842,1.5417946577072144,0.4140429198741913,1.5198249816894531
226,0.40203729271888733,1.5449371337890625,0.41989412903785706,1.5076162815093994
227,0.40559786558151245,1.5398006439208984,0.4154360592365265,1.5199739933013916
228,0.4020991921424866,1.5395957231521606,0.419058233499527,1.5013585090637207
229,0.4005201458930969,1.5432239770889282,0.4104207158088684,1.5223698616027832
230,0.4020063281059265,1.5437350273132324,0.42295902967453003,1.517655372619629
231,0.4007987976074219,1.5436910390853882,0.42853161692619324,1.5020909309387207
232,0.4023469090461731,1.5385897159576416,0.41292840242385864,1.5092607736587524
233,0.4034924805164337,1.5395442247390747,0.4187796115875244,1.5168555974960327
234,0.40469998121261597,1.5420116186141968,0.4196154773235321,1.502995252609253
235,0.40522632002830505,1.5384763479232788,0.4246308207511902,1.5065279006958008
236,0.4014180302619934,1.5427581071853638,0.4098634719848633,1.5058341026306152
237,0.4001176655292511,1.5435763597488403,0.4026191234588623,1.524121642112732
238,0.40541210770606995,1.5367034673690796,0.4251880645751953,1.5023043155670166
239,0.4047928750514984,1.541668176651001,0.4224017858505249,1.5050138235092163
240,0.3986624479293823,1.5442616939544678,0.4246308207511902,1.4947288036346436
241,0.40188246965408325,1.5411845445632935,0.4173864722251892,1.4991531372070312
242,0.40222305059432983,1.5396159887313843,0.41933685541152954,1.514142632484436
243,0.40169671177864075,1.5397332906723022,0.4243521988391876,1.5043913125991821
244,0.4041736423969269,1.539000391960144,0.4173864722251892,1.5095601081848145
245,0.40005573630332947,1.5405256748199463,0.42685985565185547,1.4987952709197998
246,0.4030590057373047,1.5406266450881958,0.4243521988391876,1.4904810190200806
247,0.4008916914463043,1.5391566753387451,0.4081917107105255,1.5218384265899658
248,0.40228497982025146,1.5409015417099,0.42212316393852234,1.5083285570144653
249,0.40154188871383667,1.5409412384033203,0.42407354712486267,1.5014430284500122
250,0.40055111050605774,1.541882872581482,0.4126497507095337,1.5258644819259644
251,0.4043903648853302,1.537997841835022,0.4237949252128601,1.508506178855896
252,0.4012632369995117,1.5382492542266846,0.41655057668685913,1.4996461868286133
253,0.40222305059432983,1.5403952598571777,0.41933685541152954,1.5037473440170288
254,0.4001176655292511,1.5417534112930298,0.4260239601135254,1.5061190128326416
255,0.3986314833164215,1.5419918298721313,0.4204513728618622,1.5046122074127197
256,0.4071769118309021,1.5392718315124512,0.40707719326019287,1.5183868408203125
257,0.399157851934433,1.5428882837295532,0.41237112879753113,1.5197780132293701
258,0.4028732478618622,1.5403751134872437,0.4126497507095337,1.5117024183273315
259,0.39983901381492615,1.5394470691680908,0.4109779894351959,1.529400110244751
260,0.4030899703502655,1.5380197763442993,0.41794371604919434,1.50798761844635
261,0.40222305059432983,1.5404857397079468,0.423237681388855,1.500075340270996
262,0.40321382880210876,1.5404345989227295,0.423237681388855,1.5101498365402222
263,0.40185150504112244,1.542415976524353,0.4237949252128601,1.506032943725586
264,0.4041736423969269,1.5366288423538208,0.4201727509498596,1.503272533416748
265,0.40262556076049805,1.5427565574645996,0.4196154773235321,1.5137121677398682
266,0.40042728185653687,1.5431101322174072,0.4218445122241974,1.501090407371521
267,0.40525728464126587,1.5390788316726685,0.4168291985988617,1.5319116115570068
268,0.40281131863594055,1.5409482717514038,0.4187796115875244,1.5114320516586304
269,0.40243977308273315,1.5391902923583984,0.4218445122241974,1.5038262605667114
270,0.40377113223075867,1.5390269756317139,0.42212316393852234,1.5095174312591553
271,0.39999380707740784,1.5443211793899536,0.4218445122241974,1.5046347379684448
272,0.4014180302619934,1.541176438331604,0.4196154773235321,1.519204020500183
273,0.40042728185653687,1.5412558317184448,0.4243521988391876,1.5039957761764526
274,0.39906495809555054,1.5397374629974365,0.41989412903785706,1.5070501565933228
275,0.40395689010620117,1.5377498865127563,0.41850098967552185,1.5100047588348389
276,0.40302804112434387,1.540195345878601,0.41348564624786377,1.5069894790649414
277,0.4005201458930969,1.5428099632263184,0.4154360592365265,1.5180323123931885
278,0.4025326669216156,1.5423787832260132,0.4210086464881897,1.5110353231430054
279,0.4023469090461731,1.5359890460968018,0.41989412903785706,1.5032206773757935
280,0.39856958389282227,1.5433707237243652,0.41069936752319336,1.5222588777542114
281,0.4003034234046936,1.5431116819381714,0.42908889055252075,1.5070513486862183
282,0.4015728533267975,1.5410799980163574,0.42685985565185547,1.5038295984268188
283,0.39590686559677124,1.544929027557373,0.4257453382015228,1.4957038164138794
284,0.4025636315345764,1.5408265590667725,0.4146001636981964,1.5176085233688354
285,0.4001486301422119,1.543489694595337,0.42630258202552795,1.5038543939590454
286,0.3995293974876404,1.5435056686401367,0.41933685541152954,1.503739595413208
287,0.40095362067222595,1.5415794849395752,0.42212316393852234,1.5185950994491577
288,0.40151092410087585,1.539048671722412,0.4243521988391876,1.5071905851364136
289,0.40017956495285034,1.544407606124878,0.42351630330085754,1.4969172477722168
290,0.4008297622203827,1.5424655675888062,0.42128726840019226,1.4987071752548218
291,0.40559786558151245,1.535689115524292,0.41989412903785706,1.5067994594573975
292,0.4020063281059265,1.5426304340362549,0.4243521988391876,1.501952886581421
293,0.40466901659965515,1.5368343591690063,0.4154360592365265,1.5165860652923584
294,0.40432843565940857,1.5387839078903198,0.42546671628952026,1.5068222284317017
295,0.400674968957901,1.5428683757781982,0.41710782051086426,1.5159929990768433
296,0.40151092410087585,1.5434752702713013,0.42072999477386475,1.509831190109253
297,0.39962226152420044,1.540556788444519,0.4176650941371918,1.499086856842041
298,0.4020063281059265,1.5427699089050293,0.42630258202552795,1.517553687095642
299,0.402904212474823,1.5438575744628906,0.42685985565185547,1.497804880142212
300,0.40113937854766846,1.538451910018921,0.42268040776252747,1.5093300342559814
301,0.39980804920196533,1.5408132076263428,0.42490944266319275,1.5036115646362305
302,0.4023159444332123,1.5424567461013794,0.41710782051086426,1.5105679035186768
303,0.3999318778514862,1.5403324365615845,0.41655057668685913,1.5214909315109253
304,0.4038020968437195,1.5337138175964355,0.41571468114852905,1.5125807523727417
305,0.3999009132385254,1.5394946336746216,0.4154360592365265,1.5065385103225708
306,0.3967737853527069,1.5472732782363892,0.4210086464881897,1.5039849281311035
307,0.4017895758152008,1.5350875854492188,0.414878785610199,1.509530782699585
308,0.3989720642566681,1.5394355058670044,0.41850098967552185,1.5152039527893066
309,0.40206822752952576,1.5387579202651978,0.41850098967552185,1.5144188404083252
310,0.4016038179397583,1.5401136875152588,0.4098634719848633,1.5289961099624634
311,0.4014489948749542,1.5428104400634766,0.42407354712486267,1.5133205652236938
312,0.40002477169036865,1.5422892570495605,0.4201727509498596,1.508406400680542
313,0.39816707372665405,1.5435055494308472,0.4329896867275238,1.5081371068954468
314,0.4036472737789154,1.539355754852295,0.42295902967453003,1.511702060699463
315,0.4018205404281616,1.5438939332962036,0.4159933030605316,1.5149136781692505
316,0.4016347825527191,1.5401241779327393,0.423237681388855,1.496925711631775
317,0.4016038179397583,1.539181113243103,0.40707719326019287,1.5299293994903564
318,0.40228497982025146,1.5395541191101074,0.4168291985988617,1.5271553993225098
319,0.40339958667755127,1.540245771408081,0.4218445122241974,1.5082999467849731
320,0.3992197513580322,1.5442882776260376,0.419058233499527,1.5099713802337646
321,0.40061303973197937,1.5396795272827148,0.4246308207511902,1.5047597885131836
322,0.4023159444332123,1.5376135110855103,0.4265812337398529,1.4996263980865479
323,0.40278035402297974,1.5393450260162354,0.41933685541152954,1.5061124563217163
324,0.4056907594203949,1.5376160144805908,0.4224017858505249,1.5103049278259277
325,0.40225401520729065,1.5411834716796875,0.4154360592365265,1.5072362422943115
326,0.40240880846977234,1.5424292087554932,0.41209250688552856,1.5177611112594604
327,0.40039631724357605,1.5407037734985352,0.42769575119018555,1.4977784156799316
328,0.4012322723865509,1.5374361276626587,0.4182223379611969,1.5053414106369019
329,0.40333765745162964,1.5400885343551636,0.4132070243358612,1.514060616493225
330,0.3994055390357971,1.5441774129867554,0.42351630330085754,1.4965012073516846
331,0.39875534176826477,1.5428051948547363,0.41209250688552856,1.5313104391098022
332,0.40302804112434387,1.5388156175613403,0.41989412903785706,1.5088114738464355
333,0.4005201458930969,1.5400811433792114,0.4146001636981964,1.520969033241272
334,0.3999009132385254,1.5437533855438232,0.423237681388855,1.496480107307434
335,0.40262556076049805,1.5400347709655762,0.41209250688552856,1.529591679573059
336,0.40451422333717346,1.5354344844818115,0.42630258202552795,1.489838719367981
337,0.40507152676582336,1.5392136573791504,0.41989412903785706,1.512765884399414
338,0.4026874601840973,1.5408360958099365,0.4215658903121948,1.5009450912475586
339,0.4021611213684082,1.538941502571106,0.41989412903785706,1.5082818269729614
340,0.4023469090461731,1.5378767251968384,0.4176650941371918,1.5153125524520874
341,0.39909592270851135,1.543324589729309,0.414878785610199,1.5112725496292114
342,0.4031209349632263,1.5385206937789917,0.4173864722251892,1.5164796113967896
343,0.40284228324890137,1.5388610363006592,0.4067985415458679,1.5340945720672607
344,0.40240880846977234,1.5377410650253296,0.42295902967453003,1.5035722255706787
345,0.4012322723865509,1.5386607646942139,0.4210086464881897,1.5137825012207031
346,0.40055111050605774,1.539138913154602,0.41209250688552856,1.5117733478546143
347,0.4025326669216156,1.5419058799743652,0.42268040776252747,1.5023179054260254
348,0.40061303973197937,1.5379036664962769,0.4215658903121948,1.5209286212921143
349,0.40185150504112244,1.5415843725204468,0.42128726840019226,1.5065943002700806
350,0.40488573908805847,1.540522813796997,0.42212316393852234,1.5135732889175415
351,0.39835283160209656,1.537524938583374,0.42212316393852234,1.5181019306182861
352,0.4045761227607727,1.5387815237045288,0.42268040776252747,1.4987508058547974
353,0.400241494178772,1.5446813106536865,0.411813884973526,1.5171911716461182
354,0.40630999207496643,1.5381556749343872,0.40094733238220215,1.5392781496047974
355,0.4011703431606293,1.5368515253067017,0.4126497507095337,1.5109165906906128
356,0.40240880846977234,1.5417461395263672,0.414878785610199,1.5192564725875854
357,0.39962226152420044,1.5395499467849731,0.41627195477485657,1.506028652191162
358,0.40352344512939453,1.541835904121399,0.4182223379611969,1.5142797231674194
359,0.4049786329269409,1.5373197793960571,0.42072999477386475,1.5033464431762695
360,0.4016038179397583,1.54073166847229,0.4246308207511902,1.5040346384048462
361,0.4017276465892792,1.5385602712631226,0.41655057668685913,1.5079783201217651
362,0.4016347825527191,1.540784239768982,0.42295902967453003,1.5112674236297607
363,0.4049476683139801,1.5353245735168457,0.4095848500728607,1.5253221988677979
364,0.4021301567554474,1.541943073272705,0.4159933030605316,1.511911153793335
365,0.402904212474823,1.540273666381836,0.4168291985988617,1.5137979984283447
366,0.4012322723865509,1.5372205972671509,0.4187796115875244,1.5072301626205444
367,0.4019443988800049,1.5394145250320435,0.42546671628952026,1.5033318996429443
368,0.4014180302619934,1.5415096282958984,0.4196154773235321,1.4995789527893066
369,0.3983837962150574,1.5455586910247803,0.42853161692619324,1.500142216682434
370,0.40339958667755127,1.5348225831985474,0.42268040776252747,1.4936089515686035
371,0.40333765745162964,1.539637804031372,0.4243521988391876,1.508275032043457
372,0.4036163091659546,1.5375629663467407,0.4204513728618622,1.5060441493988037
373,0.40485480427742004,1.5382624864578247,0.4173864722251892,1.510061264038086
374,0.4007059335708618,1.5435768365859985,0.41710782051086426,1.5173234939575195
375,0.4045761227607727,1.5385620594024658,0.4224017858505249,1.4983042478561401
376,0.40265652537345886,1.5385465621948242,0.41209250688552856,1.5209757089614868
377,0.4025636315345764,1.5382654666900635,0.414878785610199,1.5223156213760376
378,0.40284228324890137,1.5415979623794556,0.4260239601135254,1.4981355667114258
379,0.40414267778396606,1.5392669439315796,0.4307606518268585,1.501166582107544
380,0.40544307231903076,1.538056492805481,0.419058233499527,1.5112556219100952
381,0.4038020968437195,1.5382410287857056,0.4104207158088684,1.5217970609664917
382,0.40262556076049805,1.542298674583435,0.42128726840019226,1.4982205629348755
383,0.40206822752952576,1.5383065938949585,0.41933685541152954,1.5184330940246582
384,0.4023159444332123,1.5403022766113281,0.41933685541152954,1.502925992012024
385,0.4021611213684082,1.5387556552886963,0.423237681388855,1.5067514181137085
386,0.4000867009162903,1.5416772365570068,0.42853161692619324,1.4986838102340698
387,0.402904212474823,1.5422931909561157,0.42072999477386475,1.5128967761993408
388,0.40358537435531616,1.5374313592910767,0.4204513728618622,1.497770071029663
389,0.4025017023086548,1.539925456047058,0.41292840242385864,1.5178214311599731
390,0.40299707651138306,1.5360593795776367,0.41376426815986633,1.5221457481384277
391,0.40414267778396606,1.539635181427002,0.4243521988391876,1.5064783096313477
392,0.40166574716567993,1.5399367809295654,0.4081917107105255,1.5311169624328613
393,0.4012322723865509,1.5403435230255127,0.4279743731021881,1.5026485919952393
394,0.40203729271888733,1.5408536195755005,0.42630258202552795,1.5046911239624023
395,0.4058765172958374,1.5349620580673218,0.4282529950141907,1.4986884593963623
396,0.40318286418914795,1.5376200675964355,0.4168291985988617,1.512417197227478
397,0.40463805198669434,1.541164517402649,0.4081917107105255,1.5162757635116577
398,0.40262556076049805,1.5382075309753418,0.4204513728618622,1.5057545900344849
399,0.40039631724357605,1.5415222644805908,0.411813884973526,1.5274356603622437
400,0.40395689010620117,1.5360811948776245,0.407634437084198,1.5379152297973633
401,0.4045451879501343,1.5400158166885376,0.4224017858505249,1.5055317878723145
402,0.4015728533267975,1.5386714935302734,0.4246308207511902,1.5007987022399902
403,0.4010155498981476,1.543365716934204,0.4146001636981964,1.5122572183609009
404,0.4040497839450836,1.5359907150268555,0.4243521988391876,1.506896734237671
405,0.4042046070098877,1.537857174873352,0.4104207158088684,1.5209721326828003
406,0.4020063281059265,1.5388091802597046,0.4251880645751953,1.514265775680542
407,0.4003034234046936,1.5422598123550415,0.4237949252128601,1.4974260330200195
408,0.4036782383918762,1.5354175567626953,0.4126497507095337,1.5085744857788086
409,0.40132516622543335,1.536276936531067,0.41237112879753113,1.5098775625228882
410,0.40206822752952576,1.5385541915893555,0.42128726840019226,1.504785418510437
411,0.4021301567554474,1.5365005731582642,0.4168291985988617,1.5075401067733765
412,0.40281131863594055,1.5384854078292847,0.4246308207511902,1.4938749074935913
413,0.4045761227607727,1.5385061502456665,0.4204513728618622,1.4983893632888794
414,0.40296614170074463,1.5410397052764893,0.4109779894351959,1.5262835025787354
415,0.40581458806991577,1.5345964431762695,0.423237681388855,1.5085383653640747
416,0.4011703431606293,1.540212631225586,0.42685985565185547,1.4972074031829834
417,0.40445229411125183,1.5368854999542236,0.41933685541152954,1.5099540948867798
418,0.39742398262023926,1.5442934036254883,0.41850098967552185,1.5162650346755981
419,0.4026874601840973,1.5366806983947754,0.42769575119018555,1.5066730976104736
420,0.402192085981369,1.540765404701233,0.4218445122241974,1.4943617582321167
421,0.40055111050605774,1.5401962995529175,0.4187796115875244,1.5064021348953247
422,0.3999009132385254,1.543677806854248,0.42128726840019226,1.5232092142105103
423,0.40017956495285034,1.540333867073059,0.41292840242385864,1.5177987813949585
424,0.4036782383918762,1.5399956703186035,0.4215658903121948,1.5119837522506714
425,0.40278035402297974,1.5403178930282593,0.41933685541152954,1.5014758110046387
426,0.4023469090461731,1.5397377014160156,0.4187796115875244,1.5200937986373901
427,0.4003034234046936,1.5391446352005005,0.4182223379611969,1.5026240348815918
428,0.4053192138671875,1.5383870601654053,0.40011143684387207,1.5359952449798584
429,0.40302804112434387,1.5355863571166992,0.4237949252128601,1.5034775733947754
430,0.4047619104385376,1.538587212562561,0.41933685541152954,1.5136035680770874
431,0.40110841393470764,1.5398188829421997,0.4257453382015228,1.500819206237793
432,0.40488573908805847,1.5405482053756714,0.42072999477386475,1.4952579736709595
433,0.4010155498981476,1.5386829376220703,0.42295902967453003,1.5099021196365356
434,0.40318286418914795,1.5357365608215332,0.41933685541152954,1.5164446830749512
435,0.40247073769569397,1.536521553993225,0.41376426815986633,1.514934778213501
436,0.40370920300483704,1.539507269859314,0.42295902967453003,1.514383316040039
437,0.40058207511901855,1.539009690284729,0.4237949252128601,1.5082013607025146
438,0.40058207511901855,1.543219804763794,0.41850098967552185,1.5257647037506104
439,0.4005201458930969,1.5370738506317139,0.4168291985988617,1.517759084701538
440,0.4049476683139801,1.5367701053619385,0.42351630330085754,1.5017426013946533
441,0.40411171317100525,1.5407333374023438,0.42128726840019226,1.5041178464889526
442,0.40247073769569397,1.540757179260254,0.411813884973526,1.5221587419509888
443,0.40634095668792725,1.5383104085922241,0.41850098967552185,1.5057555437088013
444,0.4027493894100189,1.5361131429672241,0.41209250688552856,1.517425537109375
445,0.4000867009162903,1.5429495573043823,0.41933685541152954,1.5124340057373047
446,0.4023159444332123,1.5385851860046387,0.41376426815986633,1.5089659690856934
447,0.4017895758152008,1.5403245687484741,0.41655057668685913,1.5176913738250732
448,0.4023159444332123,1.5387718677520752,0.4215658903121948,1.5019328594207764
449,0.40039631724357605,1.5404541492462158,0.4215658903121948,1.50956392288208
450,0.40281131863594055,1.537441611289978,0.4210086464881897,1.5141303539276123
451,0.40370920300483704,1.5380159616470337,0.4265812337398529,1.5046125650405884
452,0.4005201458930969,1.5392038822174072,0.42212316393852234,1.5079350471496582
453,0.40615516901016235,1.537706971168518,0.42268040776252747,1.5096145868301392
454,0.4023469090461731,1.5418072938919067,0.41710782051086426,1.5089306831359863
455,0.4010155498981476,1.5399576425552368,0.42128726840019226,1.506080150604248
456,0.40265652537345886,1.538251280784607,0.4146001636981964,1.5221130847930908
457,0.4030899703502655,1.538529872894287,0.42490944266319275,1.50648033618927
458,0.40581458806991577,1.5357279777526855,0.42490944266319275,1.5051300525665283
459,0.40451422333717346,1.532455325126648,0.4218445122241974,1.4958913326263428
460,0.40482383966445923,1.5395166873931885,0.41571468114852905,1.5107357501983643
461,0.4021611213684082,1.5417269468307495,0.42295902967453003,1.5095775127410889
462,0.40154188871383667,1.5398671627044678,0.4243521988391876,1.500074863433838
463,0.40243977308273315,1.538216471672058,0.419058233499527,1.504809021949768
464,0.4055359363555908,1.538686990737915,0.4243521988391876,1.505775809288025
465,0.4034305512905121,1.5432839393615723,0.4151574373245239,1.5231127738952637
466,0.4027184247970581,1.5412282943725586,0.41376426815986633,1.5164791345596313
467,0.406217098236084,1.5387413501739502,0.42351630330085754,1.5019508600234985
468,0.4025326669216156,1.5385764837265015,0.4210086464881897,1.508750319480896
469,0.4023159444332123,1.53971266746521,0.4243521988391876,1.4948482513427734
470,0.40262556076049805,1.5412707328796387,0.42490944266319275,1.5071812868118286
471,0.39925071597099304,1.5434417724609375,0.4243521988391876,1.4976996183395386
472,0.40463805198669434,1.5392454862594604,0.41850098967552185,1.5056391954421997
473,0.40578365325927734,1.539314866065979,0.41627195477485657,1.517899513244629
474,0.4025017023086548,1.5403684377670288,0.42072999477386475,1.514163851737976
475,0.4056907594203949,1.5367205142974854,0.4187796115875244,1.5122880935668945
476,0.40414267778396606,1.5411309003829956,0.4265812337398529,1.5132668018341064
477,0.4049476683139801,1.5377709865570068,0.42295902967453003,1.5041699409484863
478,0.40243977308273315,1.5427916049957275,0.41850098967552185,1.5153714418411255
479,0.4019753634929657,1.5371387004852295,0.41850098967552185,1.4992479085922241
480,0.40095362067222595,1.539302110671997,0.4201727509498596,1.5088869333267212
481,0.4028732478618622,1.5338640213012695,0.41069936752319336,1.510000228881836
482,0.40228497982025146,1.536512851715088,0.4257453382015228,1.4987589120864868
483,0.3984766900539398,1.5432789325714111,0.42853161692619324,1.4936633110046387
484,0.40259459614753723,1.5372759103775024,0.42685985565185547,1.5036181211471558
485,0.40073689818382263,1.5403329133987427,0.414878785610199,1.5133785009384155
486,0.4030590057373047,1.538779377937317,0.41376426815986633,1.515865683555603
487,0.40352344512939453,1.5359727144241333,0.4182223379611969,1.5109426975250244
488,0.39943650364875793,1.5368486642837524,0.4215658903121948,1.499703049659729
489,0.40414267778396606,1.539200782775879,0.4154360592365265,1.5172860622406006
490,0.40262556076049805,1.5349167585372925,0.39676791429519653,1.5284501314163208
491,0.40147995948791504,1.5409269332885742,0.4173864722251892,1.506503939628601
492,0.40445229411125183,1.5378100872039795,0.419058233499527,1.502546787261963
493,0.4028732478618622,1.5367482900619507,0.423237681388855,1.4966050386428833
494,0.4023159444332123,1.5441943407058716,0.4132070243358612,1.5153682231903076
495,0.4051644206047058,1.536937952041626,0.4218445122241974,1.504637360572815
496,0.40339958667755127,1.5369234085083008,0.4104207158088684,1.5260341167449951
497,0.4033066928386688,1.5422314405441284,0.4307606518268585,1.4907933473587036
498,0.40541210770606995,1.534969449043274,0.41292840242385864,1.5235692262649536
499,0.40541210770606995,1.536596655845642,0.4210086464881897,1.5086206197738647
500,0.40321382880210876,1.5364385843276978,0.41933685541152954,1.514142632484436
501,0.40055111050605774,1.5378737449645996,0.4151574373245239,1.5173861980438232
502,0.4032447934150696,1.5387564897537231,0.41850098967552185,1.509377121925354
503,0.4038640260696411,1.536666989326477,0.4196154773235321,1.5061125755310059
504,0.4012322723865509,1.5374306440353394,0.42128726840019226,1.5117887258529663
505,0.4029351770877838,1.5360004901885986,0.4246308207511902,1.504575252532959
506,0.4056907594203949,1.5355396270751953,0.419058233499527,1.5112340450286865
507,0.4019753634929657,1.5341410636901855,0.42128726840019226,1.508072853088379
508,0.40318286418914795,1.5378438234329224,0.4151574373245239,1.512628197669983
509,0.39925071597099304,1.5430885553359985,0.40596267580986023,1.531406044960022
510,0.4049476683139801,1.5337276458740234,0.4204513728618622,1.5181530714035034
511,0.3982290029525757,1.5408897399902344,0.4159933030605316,1.5101430416107178
512,0.40370920300483704,1.5304125547409058,0.4204513728618622,1.5020241737365723
513,0.40612420439720154,1.536292314529419,0.42630258202552795,1.4952713251113892
514,0.40203729271888733,1.5394872426986694,0.41571468114852905,1.512436866760254
515,0.4014180302619934,1.5370851755142212,0.42407354712486267,1.49906587600708
516,0.4014489948749542,1.5402532815933228,0.4146001636981964,1.5107719898223877
517,0.40191343426704407,1.5407929420471191,0.4146001636981964,1.5221742391586304
518,0.40135613083839417,1.5383142232894897,0.42128726840019226,1.5047136545181274
519,0.4011703431606293,1.5379687547683716,0.419058233499527,1.506100058555603
520,0.39980804920196533,1.5418310165405273,0.4159933030605316,1.502684235572815
521,0.40175861120224,1.5358821153640747,0.42072999477386475,1.5137964487075806
522,0.3977026343345642,1.5406153202056885,0.41794371604919434,1.5208227634429932
523,0.405133455991745,1.539577841758728,0.4274170994758606,1.5076264142990112
524,0.4023469090461731,1.539420485496521,0.42295902967453003,1.493589997291565
525,0.4012632369995117,1.5408861637115479,0.42072999477386475,1.4978218078613281
526,0.40519535541534424,1.536675214767456,0.42212316393852234,1.511474370956421
527,0.4034305512905121,1.53891921043396,0.4146001636981964,1.5248568058013916
528,0.402192085981369,1.5364093780517578,0.41989412903785706,1.5109385251998901
529,0.4029351770877838,1.5392005443572998,0.414878785610199,1.5167309045791626
530,0.4055359363555908,1.5367350578308105,0.42268040776252747,1.5017751455307007
531,0.4057217240333557,1.5339624881744385,0.4196154773235321,1.5098991394042969
532,0.40166574716567993,1.5400469303131104,0.4265812337398529,1.5098084211349487
533,0.4002724587917328,1.5381587743759155,0.4246308207511902,1.5001472234725952
534,0.4047619104385376,1.5397332906723022,0.42128726840019226,1.5106315612792969
535,0.40463805198669434,1.5375431776046753,0.41989412903785706,1.508774757385254
536,0.4038640260696411,1.5384327173233032,0.41348564624786377,1.5222666263580322
537,0.4012322723865509,1.5383275747299194,0.42769575119018555,1.4975402355194092
538,0.4041736423969269,1.5345752239227295,0.42685985565185547,1.49819016456604
539,0.4036472737789154,1.5372267961502075,0.4296461343765259,1.5031640529632568
540,0.40414267778396606,1.5356706380844116,0.4274170994758606,1.5059082508087158
541,0.4004891812801361,1.5393472909927368,0.423237681388855,1.511186122894287
542,0.4002724587917328,1.5388933420181274,0.41153523325920105,1.518458366394043
543,0.40113937854766846,1.540644645690918,0.4246308207511902,1.505868673324585
544,0.4081057608127594,1.5327718257904053,0.42295902967453003,1.4938569068908691
545,0.402904212474823,1.5374003648757935,0.4260239601135254,1.493613839149475
546,0.40240880846977234,1.538533329963684,0.419058233499527,1.509920358657837
547,0.40485480427742004,1.538048267364502,0.42072999477386475,1.5146414041519165
548,0.4030899703502655,1.5391337871551514,0.42128726840019226,1.5090079307556152
549,0.4030590057373047,1.5391725301742554,0.42295902967453003,1.500567078590393
550,0.4029351770877838,1.5371758937835693,0.41989412903785706,1.5063213109970093
551,0.4008916914463043,1.5396091938018799,0.42407354712486267,1.5027636289596558
552,0.4034924805164337,1.535183072090149,0.411813884973526,1.514586091041565
553,0.40538114309310913,1.53334379196167,0.4279743731021881,1.499659776687622
554,0.4008916914463043,1.538067102432251,0.4210086464881897,1.521311640739441
555,0.4045761227607727,1.5414855480194092,0.4159933030605316,1.514727234840393
556,0.4025636315345764,1.5363352298736572,0.4218445122241974,1.5108228921890259
557,0.4045761227607727,1.5385184288024902,0.411813884973526,1.5227372646331787
558,0.40507152676582336,1.5372695922851562,0.41850098967552185,1.5099093914031982
559,0.4042355418205261,1.537996530532837,0.4109779894351959,1.5224697589874268
560,0.40206822752952576,1.5375293493270874,0.42212316393852234,1.5037215948104858
561,0.40504056215286255,1.537269949913025,0.41153523325920105,1.5176979303359985
562,0.4045451879501343,1.5359123945236206,0.4182223379611969,1.5157781839370728
563,0.4046070873737335,1.5342644453048706,0.4146001636981964,1.5139713287353516
564,0.40185150504112244,1.539330005645752,0.423237681388855,1.508097529411316
565,0.402904212474823,1.53986656665802,0.4201727509498596,1.5168451070785522
566,0.40411171317100525,1.5351064205169678,0.4243521988391876,1.5135740041732788
567,0.40358537435531616,1.5400861501693726,0.4176650941371918,1.5308815240859985
568,0.40339958667755127,1.537857174873352,0.4104207158088684,1.5330653190612793
569,0.40339958667755127,1.536702036857605,0.4215658903121948,1.5070593357086182
570,0.40488573908805847,1.5360006093978882,0.4224017858505249,1.5030208826065063
571,0.40002477169036865,1.5387277603149414,0.42407354712486267,1.5027000904083252
572,0.40262556076049805,1.53706693649292,0.4187796115875244,1.526140809059143
573,0.40630999207496643,1.5365052223205566,0.4215658903121948,1.5020819902420044
574,0.40188246965408325,1.5346616506576538,0.4095848500728607,1.5259926319122314
575,0.4051644206047058,1.5367074012756348,0.42212316393852234,1.5028822422027588
576,0.3975168764591217,1.5396158695220947,0.4246308207511902,1.5010195970535278
577,0.40600037574768066,1.5346266031265259,0.42128726840019226,1.5021048784255981
578,0.4038330614566803,1.5382912158966064,0.42546671628952026,1.5001628398895264
579,0.4052882492542267,1.5335474014282227,0.42268040776252747,1.4995386600494385
580,0.40135613083839417,1.540709376335144,0.4218445122241974,1.503036379814148
581,0.4052882492542267,1.5352863073349,0.4154360592365265,1.5211055278778076
582,0.40426650643348694,1.5369490385055542,0.41655057668685913,1.5124775171279907
583,0.40541210770606995,1.532374382019043,0.42713847756385803,1.500841498374939
584,0.4034305512905121,1.5378295183181763,0.42351630330085754,1.5054854154586792
585,0.40541210770606995,1.5371371507644653,0.4257453382015228,1.4987130165100098
586,0.40426650643348694,1.5394479036331177,0.42295902967453003,1.5023726224899292
587,0.40339958667755127,1.5326720476150513,0.41850098967552185,1.5066663026809692
588,0.40061303973197937,1.5388469696044922,0.4282529950141907,1.5087101459503174
589,0.4056907594203949,1.5378193855285645,0.4243521988391876,1.5050830841064453
590,0.40634095668792725,1.5343313217163086,0.42630258202552795,1.5045628547668457
591,0.4032757580280304,1.5374873876571655,0.4168291985988617,1.5150614976882935
592,0.4032447934150696,1.5344550609588623,0.41933685541152954,1.5005122423171997
593,0.40151092410087585,1.54582941532135,0.41014209389686584,1.5042963027954102
594,0.40392592549324036,1.5338048934936523,0.4201727509498596,1.5142037868499756
595,0.4092203974723816,1.5361019372940063,0.4109779894351959,1.5201424360275269
596,0.4036472737789154,1.5359641313552856,0.4279743731021881,1.4959157705307007
597,0.40336862206459045,1.5385342836380005,0.4204513728618622,1.5109161138534546
598,0.4071769118309021,1.535719871520996,0.4054054021835327,1.5318830013275146
599,0.4012632369995117,1.5385133028030396,0.4201727509498596,1.5101056098937988
600,0.40649574995040894,1.5349140167236328,0.411813884973526,1.5135732889175415
601,0.402192085981369,1.5382752418518066,0.4176650941371918,1.5152015686035156
602,0.40039631724357605,1.5406049489974976,0.4279743731021881,1.497688889503479
603,0.40166574716567993,1.5380293130874634,0.4243521988391876,1.5059480667114258
604,0.40779614448547363,1.536577582359314,0.42546671628952026,1.508095622062683
605,0.4058455526828766,1.5365402698516846,0.41933685541152954,1.509664535522461
606,0.4030899703502655,1.5361478328704834,0.4159933030605316,1.5184710025787354
607,0.39968419075012207,1.5426304340362549,0.42212316393852234,1.49366295337677
608,0.4042046070098877,1.543400526046753,0.4218445122241974,1.5066771507263184
609,0.40358537435531616,1.5384074449539185,0.4257453382015228,1.5045162439346313
610,0.40411171317100525,1.5372332334518433,0.4296461343765259,1.4941924810409546
611,0.4034924805164337,1.5341354608535767,0.42295902967453003,1.5147186517715454
612,0.4042355418205261,1.5382705926895142,0.42295902967453003,1.5192922353744507
613,0.4056597948074341,1.536730408668518,0.43048202991485596,1.4981510639190674
614,0.40482383966445923,1.5350168943405151,0.4210086464881897,1.5003927946090698
615,0.40240880846977234,1.5395501852035522,0.4224017858505249,1.4922983646392822
616,0.40556690096855164,1.534781813621521,0.42546671628952026,1.4978677034378052
617,0.4028732478618622,1.5373719930648804,0.42908889055252075,1.5022016763687134
618,0.4020063281059265,1.535875678062439,0.4210086464881897,1.517112135887146
619,0.40259459614753723,1.5385113954544067,0.42630258202552795,1.509483814239502
620,0.40370920300483704,1.5370063781738281,0.4265812337398529,1.4985668659210205
621,0.40448325872421265,1.533220887184143,0.41794371604919434,1.514130711555481
622,0.40637192130088806,1.536186933517456,0.4260239601135254,1.4937704801559448
623,0.40185150504112244,1.5400540828704834,0.4257453382015228,1.510319471359253
624,0.4081367254257202,1.5349417924880981,0.4210086464881897,1.5069032907485962
625,0.40426650643348694,1.538651704788208,0.4251880645751953,1.4986296892166138
626,0.40445229411125183,1.5368436574935913,0.419058233499527,1.5171175003051758
627,0.40339958667755127,1.535062313079834,0.4187796115875244,1.5087891817092896
628,0.4028732478618622,1.5373390913009644,0.42072999477386475,1.507797360420227
629,0.40451422333717346,1.5327789783477783,0.4187796115875244,1.5231515169143677
630,0.4016038179397583,1.536070466041565,0.42546671628952026,1.501744031906128
631,0.4036782383918762,1.535892367362976,0.42685985565185547,1.4939419031143188
632,0.40525728464126587,1.536136507987976,0.4210086464881897,1.5106302499771118
633,0.40519535541534424,1.5355380773544312,0.4187796115875244,1.4987674951553345
634,0.4047928750514984,1.538042426109314,0.4204513728618622,1.4966392517089844
635,0.4032447934150696,1.5358695983886719,0.42685985565185547,1.4974373579025269
636,0.4043594002723694,1.5401016473770142,0.41376426815986633,1.5136336088180542
637,0.4047309458255768,1.5301005840301514,0.41850098967552185,1.5249511003494263
638,0.40228497982025146,1.5372083187103271,0.4140429198741913,1.5169806480407715
639,0.40578365325927734,1.5340431928634644,0.42407354712486267,1.5102516412734985
640,0.4030590057373047,1.537711262702942,0.42407354712486267,1.5123299360275269
641,0.40550497174263,1.535239815711975,0.4218445122241974,1.4991835355758667
642,0.4049786329269409,1.5334248542785645,0.4204513728618622,1.4997841119766235
643,0.40299707651138306,1.5367772579193115,0.4182223379611969,1.5087828636169434
644,0.39962226152420044,1.5404973030090332,0.41710782051086426,1.5020813941955566
645,0.40432843565940857,1.5325559377670288,0.4173864722251892,1.500714898109436
646,0.4032447934150696,1.5364537239074707,0.4218445122241974,1.5022577047348022
647,0.4079819321632385,1.5347095727920532,0.42072999477386475,1.5015778541564941
648,0.4064338207244873,1.5372008085250854,0.4201727509498596,1.5114279985427856
649,0.4049476683139801,1.5347295999526978,0.42351630330085754,1.4941600561141968
650,0.40188246965408325,1.535713791847229,0.4168291985988617,1.5147523880004883
651,0.40615516901016235,1.5333460569381714,0.4260239601135254,1.5019787549972534
652,0.40259459614753723,1.534773588180542,0.4140429198741913,1.5211515426635742
653,0.40374016761779785,1.5365227460861206,0.42212316393852234,1.4907801151275635
654,0.40504056215286255,1.5383199453353882,0.4081917107105255,1.5132291316986084
655,0.40522632002830505,1.5363094806671143,0.42908889055252075,1.492379903793335
656,0.40315189957618713,1.5370317697525024,0.4265812337398529,1.4935544729232788
657,0.4020063281059265,1.535098910331726,0.41850098967552185,1.5062302350997925
658,0.40333765745162964,1.537791132926941,0.4098634719848633,1.516672968864441
659,0.401387095451355,1.5394089221954346,0.40150460600852966,1.541364073753357
660,0.4058765172958374,1.5304325819015503,0.4204513728618622,1.5020371675491333
661,0.40098458528518677,1.5364338159561157,0.4237949252128601,1.4991185665130615
662,0.40370920300483704,1.5388795137405396,0.4146001636981964,1.5249665975570679
663,0.4046070873737335,1.5364006757736206,0.41989412903785706,1.499782681465149
664,0.4025017023086548,1.5381264686584473,0.4201727509498596,1.4988200664520264
665,0.40451422333717346,1.5369585752487183,0.4210086464881897,1.5090229511260986
666,0.40339958667755127,1.5417271852493286,0.41655057668685913,1.5192992687225342
667,0.4008607268333435,1.5348354578018188,0.4173864722251892,1.512630581855774
668,0.40240880846977234,1.5365005731582642,0.4260239601135254,1.4975842237472534
669,0.40507152676582336,1.5355393886566162,0.42268040776252747,1.4989511966705322
670,0.404421329498291,1.5370651483535767,0.414878785610199,1.5132884979248047
671,0.40374016761779785,1.5353142023086548,0.419058233499527,1.5054103136062622
672,0.4025017023086548,1.536484956741333,0.41237112879753113,1.5205408334732056
673,0.40021052956581116,1.5324565172195435,0.4215658903121948,1.5059728622436523
674,0.4049476683139801,1.5368385314941406,0.41627195477485657,1.51246976852417
675,0.4049167037010193,1.5345059633255005,0.4098634719848633,1.5174143314361572
676,0.3999318778514862,1.5375686883926392,0.41794371604919434,1.5153353214263916
677,0.4023159444332123,1.5393500328063965,0.42630258202552795,1.5086711645126343
678,0.40281131863594055,1.5367927551269531,0.4210086464881897,1.5033974647521973
679,0.40575268864631653,1.5349973440170288,0.4154360592365265,1.502549171447754
680,0.40448325872421265,1.5352944135665894,0.41571468114852905,1.5120790004730225
681,0.40336862206459045,1.5376757383346558,0.4246308207511902,1.4979556798934937
682,0.40575268864631653,1.5332735776901245,0.4218445122241974,1.4948089122772217
683,0.40411171317100525,1.5381654500961304,0.4151574373245239,1.5248233079910278
684,0.4058765172958374,1.5355862379074097,0.4224017858505249,1.4973831176757812
685,0.40321382880210876,1.5335348844528198,0.419058233499527,1.5046286582946777
686,0.40240880846977234,1.533264398574829,0.42128726840019226,1.5011110305786133
687,0.4014489948749542,1.5379611253738403,0.42295902967453003,1.5019493103027344
688,0.40135613083839417,1.5399055480957031,0.4257453382015228,1.5062233209609985
689,0.4023159444332123,1.5355212688446045,0.4168291985988617,1.512896180152893
690,0.4023778438568115,1.5347765684127808,0.42490944266319275,1.5046621561050415
691,0.40655767917633057,1.5351980924606323,0.42212316393852234,1.4969104528427124
692,0.40095362067222595,1.5390042066574097,0.40791305899620056,1.520402431488037
693,0.4017276465892792,1.5360599756240845,0.4210086464881897,1.511278510093689
694,0.40222305059432983,1.5389224290847778,0.4151574373245239,1.5066096782684326
695,0.40488573908805847,1.5350538492202759,0.4215658903121948,1.5070645809173584
696,0.40637192130088806,1.535133719444275,0.42546671628952026,1.501114845275879
697,0.40073689818382263,1.5374890565872192,0.41850098967552185,1.5108413696289062
698,0.4004582464694977,1.535731554031372,0.4196154773235321,1.5138047933578491
699,0.40166574716567993,1.5365045070648193,0.41850098967552185,1.50437331199646
700,0.40132516622543335,1.5374077558517456,0.4126497507095337,1.5117623805999756
701,0.4017895758152008,1.537751317024231,0.4251880645751953,1.4957913160324097
702,0.40668153762817383,1.5349334478378296,0.42128726840019226,1.5038998126983643
703,0.40522632002830505,1.5411349534988403,0.4187796115875244,1.511958360671997
704,0.40370920300483704,1.5370057821273804,0.41850098967552185,1.5087682008743286
705,0.40634095668792725,1.5343608856201172,0.4204513728618622,1.506914734840393
706,0.40302804112434387,1.5348352193832397,0.42268040776252747,1.495287537574768
707,0.40315189957618713,1.5363585948944092,0.41850098967552185,1.4987332820892334
708,0.4068363308906555,1.5330358743667603,0.41850098967552185,1.5125597715377808
709,0.40686729550361633,1.5352611541748047,0.4201727509498596,1.505704641342163
710,0.4023469090461731,1.5348073244094849,0.42407354712486267,1.499075174331665
711,0.40240880846977234,1.534347653388977,0.4210086464881897,1.5055140256881714
712,0.406650573015213,1.5359073877334595,0.41655057668685913,1.5142427682876587
713,0.4042355418205261,1.5346730947494507,0.4210086464881897,1.505588173866272
714,0.4032447934150696,1.5355604887008667,0.4154360592365265,1.5158718824386597
715,0.40073689818382263,1.5374596118927002,0.42295902967453003,1.5081368684768677
716,0.40191343426704407,1.5392625331878662,0.419058233499527,1.5097239017486572
717,0.40507152676582336,1.5335869789123535,0.41209250688552856,1.5249817371368408
718,0.40315189957618713,1.539638876914978,0.42072999477386475,1.5056456327438354
719,0.40336862206459045,1.5367385149002075,0.4243521988391876,1.4937201738357544
720,0.399962842464447,1.5337289571762085,0.4251880645751953,1.4919159412384033
721,0.4008297622203827,1.5355933904647827,0.423237681388855,1.5007513761520386
722,0.4016038179397583,1.534367322921753,0.4095848500728607,1.5075769424438477
723,0.4047309458255768,1.5368086099624634,0.414878785610199,1.5277693271636963
724,0.4068363308906555,1.534980297088623,0.4224017858505249,1.5252972841262817
725,0.40222305059432983,1.5375843048095703,0.4201727509498596,1.5127068758010864
726,0.40175861120224,1.5365355014801025,0.42630258202552795,1.496579885482788
727,0.407734215259552,1.5299690961837769,0.4224017858505249,1.501547932624817
728,0.4018205404281616,1.5365177392959595,0.4168291985988617,1.504847764968872
729,0.40538114309310913,1.5352752208709717,0.4293675124645233,1.4986883401870728
730,0.4038330614566803,1.536461591720581,0.4302034080028534,1.4928683042526245
731,0.4025017023086548,1.5375990867614746,0.4237949252128601,1.5010571479797363
732,0.4023159444332123,1.5378679037094116,0.4081917107105255,1.5155699253082275
733,0.40432843565940857,1.5363490581512451,0.4168291985988617,1.5112806558609009
734,0.40426650643348694,1.538182258605957,0.4243521988391876,1.5015373229980469
735,0.40482383966445923,1.5369043350219727,0.41571468114852905,1.5187956094741821
736,0.40318286418914795,1.5402911901474,0.42351630330085754,1.5135517120361328
737,0.40463805198669434,1.5377568006515503,0.4187796115875244,1.507091999053955
738,0.40296614170074463,1.5363482236862183,0.41850098967552185,1.4991369247436523
739,0.40392592549324036,1.5389080047607422,0.4257453382015228,1.5002214908599854
740,0.4020063281059265,1.5385631322860718,0.4210086464881897,1.5077232122421265
741,0.40225401520729065,1.5381345748901367,0.43048202991485596,1.5013762712478638
742,0.4057217240333557,1.532523274421692,0.4224017858505249,1.5014574527740479
743,0.40299707651138306,1.5366448163986206,0.42490944266319275,1.4987934827804565
744,0.4036472737789154,1.5388410091400146,0.41655057668685913,1.49867582321167
745,0.39999380707740784,1.5387952327728271,0.4176650941371918,1.4937915802001953
746,0.40259459614753723,1.540758490562439,0.4243521988391876,1.502869963645935
747,0.40318286418914795,1.5367016792297363,0.42351630330085754,1.502462387084961
748,0.4058455526828766,1.5371512174606323,0.42769575119018555,1.4971436262130737
749,0.40151092410087585,1.5355007648468018,0.41933685541152954,1.499311089515686
750,0.40166574716567993,1.5374280214309692,0.41571468114852905,1.526594877243042
751,0.4006440043449402,1.538892388343811,0.4237949252128601,1.4956318140029907
752,0.40333765745162964,1.5356600284576416,0.41989412903785706,1.5050221681594849
753,0.40525728464126587,1.534307837486267,0.4251880645751953,1.5019121170043945
754,0.40451422333717346,1.536519169807434,0.41348564624786377,1.5230820178985596
755,0.4030590057373047,1.5350441932678223,0.42713847756385803,1.5019176006317139
756,0.4028732478618622,1.5363032817840576,0.4251880645751953,1.4963021278381348
757,0.4051024913787842,1.5380985736846924,0.4098634719848633,1.5248769521713257
758,0.4047928750514984,1.5342636108398438,0.42128726840019226,1.5019927024841309
759,0.40726980566978455,1.535143494606018,0.4201727509498596,1.510380744934082
760,0.40259459614753723,1.5376440286636353,0.41989412903785706,1.507185935974121
761,0.4051644206047058,1.5363759994506836,0.41627195477485657,1.5110089778900146
762,0.4023469090461731,1.5426424741744995,0.4246308207511902,1.5075194835662842
763,0.401387095451355,1.5363800525665283,0.423237681388855,1.496972918510437
764,0.40370920300483704,1.5374537706375122,0.41237112879753113,1.5246857404708862
765,0.40538114309310913,1.5353975296020508,0.4168291985988617,1.5014454126358032
766,0.4034305512905121,1.5374020338058472,0.411813884973526,1.510382890701294
767,0.40637192130088806,1.5368332862854004,0.42212316393852234,1.4996294975280762
768,0.4051024913787842,1.534555435180664,0.4237949252128601,1.493362545967102
769,0.4020991921424866,1.537444829940796,0.4210086464881897,1.504364013671875
770,0.40185150504112244,1.535366415977478,0.41209250688552856,1.5180655717849731
771,0.40429747104644775,1.5329256057739258,0.42212316393852234,1.5018624067306519
772,0.3993436098098755,1.5407575368881226,0.4210086464881897,1.4992307424545288
773,0.405133455991745,1.5328296422958374,0.42992475628852844,1.5024054050445557
774,0.4021611213684082,1.5337194204330444,0.42295902967453003,1.5068901777267456
775,0.40504056215286255,1.534267783164978,0.41989412903785706,1.5110362768173218
776,0.40559786558151245,1.5358593463897705,0.43131792545318604,1.5009139776229858
777,0.4023778438568115,1.5372920036315918,0.42212316393852234,1.5159392356872559
778,0.4053501784801483,1.535670518875122,0.4218445122241974,1.5007174015045166
779,0.4070530831813812,1.5304780006408691,0.42351630330085754,1.4916810989379883
780,0.4072078764438629,1.5324722528457642,0.4201727509498596,1.4982202053070068
781,0.4040497839450836,1.5382765531539917,0.4257453382015228,1.4907735586166382
782,0.399157851934433,1.5366071462631226,0.4251880645751953,1.494606375694275
783,0.399962842464447,1.5358998775482178,0.42295902967453003,1.5047351121902466
784,0.40151092410087585,1.5383741855621338,0.4260239601135254,1.5064173936843872
785,0.40169671177864075,1.538245439529419,0.4224017858505249,1.5029315948486328
786,0.4081367254257202,1.5333735942840576,0.4218445122241974,1.5030620098114014
787,0.4091894328594208,1.5315239429473877,0.41432154178619385,1.5170674324035645
788,0.4023159444332123,1.5355074405670166,0.4237949252128601,1.5065547227859497
789,0.40296614170074463,1.53638756275177,0.4151574373245239,1.5044703483581543
790,0.40352344512939453,1.5350407361984253,0.4224017858505249,1.5044504404067993
791,0.4021611213684082,1.5381044149398804,0.419058233499527,1.5143457651138306
792,0.405133455991745,1.5376158952713013,0.42351630330085754,1.4967604875564575
793,0.4042046070098877,1.5352143049240112,0.4293675124645233,1.4929836988449097
794,0.40113937854766846,1.5394940376281738,0.4168291985988617,1.503251552581787
795,0.4010774791240692,1.5358339548110962,0.41850098967552185,1.5110421180725098
796,0.40708401799201965,1.5319892168045044,0.423237681388855,1.5129536390304565
797,0.4042355418205261,1.535642385482788,0.4140429198741913,1.523065209388733
798,0.40522632002830505,1.535938024520874,0.4282529950141907,1.4945652484893799
799,0.40408074855804443,1.5334950685501099,0.4215658903121948,1.5091745853424072
800,0.40445229411125183,1.5343549251556396,0.4215658903121948,1.5039030313491821
801,0.4031209349632263,1.5347020626068115,0.423237681388855,1.5002840757369995
802,0.4047619104385376,1.538482904434204,0.42630258202552795,1.5151755809783936
803,0.40463805198669434,1.532664179801941,0.42212316393852234,1.5075178146362305
804,0.4029351770877838,1.535732388496399,0.4109779894351959,1.5122946500778198
805,0.4047309458255768,1.5317001342773438,0.42685985565185547,1.49553644657135
806,0.4058455526828766,1.5341936349868774,0.4260239601135254,1.4996320009231567
807,0.40674343705177307,1.5345814228057861,0.4224017858505249,1.511554479598999
808,0.40247073769569397,1.5390193462371826,0.42351630330085754,1.504988670349121
809,0.4042355418205261,1.5401647090911865,0.42072999477386475,1.5148102045059204
810,0.40296614170074463,1.534500241279602,0.42268040776252747,1.5038741827011108
811,0.40318286418914795,1.5348063707351685,0.40930622816085815,1.5277520418167114
812,0.4023778438568115,1.5341706275939941,0.4251880645751953,1.5046989917755127
813,0.40395689010620117,1.5385013818740845,0.42351630330085754,1.5024155378341675
814,0.40426650643348694,1.5359233617782593,0.42072999477386475,1.5197076797485352
815,0.40634095668792725,1.5333071947097778,0.4146001636981964,1.5116099119186401
816,0.4051644206047058,1.539767861366272,0.42212316393852234,1.5125527381896973
817,0.4004891812801361,1.5427298545837402,0.4246308207511902,1.5077842473983765
818,0.40466901659965515,1.5335209369659424,0.42351630330085754,1.4980862140655518
819,0.40392592549324036,1.5317133665084839,0.4246308207511902,1.5055919885635376
820,0.4068363308906555,1.5355533361434937,0.4126497507095337,1.52293860912323
821,0.4051024913787842,1.5372791290283203,0.41850098967552185,1.5162456035614014
822,0.4038020968437195,1.5331804752349854,0.42630258202552795,1.4891527891159058
823,0.402904212474823,1.5346786975860596,0.43131792545318604,1.4939939975738525
824,0.4026874601840973,1.5323235988616943,0.4146001636981964,1.5162168741226196
825,0.4021611213684082,1.5355455875396729,0.41710782051086426,1.5180507898330688
826,0.4056907594203949,1.5327354669570923,0.4204513728618622,1.5087807178497314
827,0.40726980566978455,1.5341218709945679,0.42212316393852234,1.5110214948654175
828,0.40674343705177307,1.5349173545837402,0.4104207158088684,1.5216693878173828
829,0.4064647853374481,1.5316424369812012,0.4204513728618622,1.517440676689148
830,0.4040188193321228,1.5355939865112305,0.4215658903121948,1.5050406455993652
831,0.4053192138671875,1.5338371992111206,0.4310392737388611,1.4989824295043945
832,0.4043594002723694,1.5358214378356934,0.41655057668685913,1.5200002193450928
833,0.4038330614566803,1.5338428020477295,0.42490944266319275,1.5042870044708252
834,0.40522632002830505,1.5347955226898193,0.4204513728618622,1.5054681301116943
835,0.4051644206047058,1.5314339399337769,0.4243521988391876,1.509340524673462
836,0.40336862206459045,1.5384327173233032,0.4187796115875244,1.5125367641448975
837,0.4051644206047058,1.5334289073944092,0.41432154178619385,1.5122275352478027
838,0.4033066928386688,1.5359629392623901,0.42546671628952026,1.4967440366744995
839,0.40408074855804443,1.5357218980789185,0.4251880645751953,1.5020290613174438
840,0.4069911539554596,1.533818006515503,0.4257453382015228,1.5127922296524048
841,0.40281131863594055,1.5350189208984375,0.4246308207511902,1.5161622762680054
842,0.40469998121261597,1.5363601446151733,0.4243521988391876,1.5087772607803345
843,0.405133455991745,1.5358790159225464,0.41850098967552185,1.523070216178894
844,0.40668153762817383,1.5361441373825073,0.4224017858505249,1.510062336921692
845,0.40779614448547363,1.5334999561309814,0.4168291985988617,1.5156747102737427
846,0.4057217240333557,1.537197470664978,0.4215658903121948,1.5141605138778687
847,0.4036163091659546,1.5358667373657227,0.41933685541152954,1.497211217880249
848,0.40098458528518677,1.5388129949569702,0.4279743731021881,1.5069973468780518
849,0.4079819321632385,1.5337984561920166,0.42713847756385803,1.4945464134216309
850,0.40299707651138306,1.5379835367202759,0.42685985565185547,1.5001835823059082
851,0.4010465145111084,1.5365557670593262,0.42546671628952026,1.5062111616134644
852,0.40448325872421265,1.5339051485061646,0.4218445122241974,1.49921715259552
853,0.4051644206047058,1.5352503061294556,0.42407354712486267,1.4999511241912842
854,0.40355440974235535,1.5364028215408325,0.42351630330085754,1.5030567646026611
855,0.3974549472332001,1.5354317426681519,0.42630258202552795,1.497307300567627
856,0.4005201458930969,1.5345263481140137,0.42630258202552795,1.4960014820098877
857,0.402192085981369,1.534774661064148,0.41794371604919434,1.5116692781448364
858,0.40448325872421265,1.5336681604385376,0.41710782051086426,1.52536940574646
859,0.4043594002723694,1.5348683595657349,0.4251880645751953,1.4999257326126099
860,0.4043903648853302,1.5344464778900146,0.4154360592365265,1.5208499431610107
861,0.4045451879501343,1.5349819660186768,0.41850098967552185,1.5073907375335693
862,0.402192085981369,1.534770131111145,0.4279743731021881,1.490419626235962
863,0.4088178873062134,1.5362777709960938,0.4132070243358612,1.5134344100952148
864,0.40278035402297974,1.5354259014129639,0.4204513728618622,1.5079841613769531
865,0.40686729550361633,1.5340678691864014,0.4173864722251892,1.5127023458480835
866,0.40612420439720154,1.5331826210021973,0.41794371604919434,1.518994688987732
867,0.40559786558151245,1.5345096588134766,0.4282529950141907,1.5039615631103516
868,0.4058455526828766,1.531877875328064,0.4218445122241974,1.5114271640777588
869,0.40686729550361633,1.5343470573425293,0.4243521988391876,1.4903898239135742
870,0.40445229411125183,1.536163091659546,0.42630258202552795,1.513478398323059
871,0.4025636315345764,1.53398859500885,0.42685985565185547,1.4946074485778809
872,0.4036472737789154,1.5365841388702393,0.41376426815986633,1.520532250404358
873,0.4040188193321228,1.5375158786773682,0.4140429198741913,1.5301731824874878
874,0.4038640260696411,1.5387216806411743,0.4215658903121948,1.5061551332473755
875,0.40408074855804443,1.535437822341919,0.419058233499527,1.5137901306152344
876,0.4047309458255768,1.5348364114761353,0.42212316393852234,1.5003883838653564
877,0.40689826011657715,1.537766933441162,0.4210086464881897,1.5060313940048218
878,0.4030590057373047,1.535197377204895,0.42630258202552795,1.5094956159591675
879,0.40113937854766846,1.5364336967468262,0.4109779894351959,1.527815580368042
880,0.40500959753990173,1.5357333421707153,0.4282529950141907,1.4984592199325562
881,0.4036782383918762,1.5339595079421997,0.42072999477386475,1.5151207447052002
882,0.40321382880210876,1.5369738340377808,0.411813884973526,1.5127264261245728
883,0.40544307231903076,1.533144474029541,0.4302034080028534,1.5016489028930664
884,0.403987854719162,1.5346155166625977,0.41348564624786377,1.5229934453964233
885,0.4051024913787842,1.5327647924423218,0.4173864722251892,1.5086973905563354
886,0.4021301567554474,1.535954236984253,0.42490944266319275,1.5019627809524536
887,0.40785807371139526,1.5352095365524292,0.41794371604919434,1.5219258069992065
888,0.40336862206459045,1.5371931791305542,0.42351630330085754,1.505985140800476
889,0.40541210770606995,1.5339006185531616,0.41571468114852905,1.5118930339813232
890,0.4034305512905121,1.5380370616912842,0.41627195477485657,1.5090285539627075
891,0.40779614448547363,1.5383700132369995,0.42908889055252075,1.5017606019973755
892,0.40445229411125183,1.534854531288147,0.42351630330085754,1.5166484117507935
893,0.40559786558151245,1.5353055000305176,0.4224017858505249,1.5008333921432495
894,0.4067744016647339,1.5324972867965698,0.42546671628952026,1.4970932006835938
895,0.40655767917633057,1.5368098020553589,0.4243521988391876,1.5053712129592896
896,0.40411171317100525,1.5369794368743896,0.42128726840019226,1.5075926780700684
897,0.4011703431606293,1.5338211059570312,0.43048202991485596,1.4934309720993042
898,0.40485480427742004,1.5372329950332642,0.42128726840019226,1.5064553022384644
899,0.4034924805164337,1.5346955060958862,0.42630258202552795,1.505649209022522
900,0.4014489948749542,1.5392711162567139,0.4146001636981964,1.5268027782440186
901,0.4030590057373047,1.5353673696517944,0.419058233499527,1.5105643272399902
902,0.40466901659965515,1.5314686298370361,0.4257453382015228,1.4970511198043823
903,0.4047309458255768,1.5389471054077148,0.4279743731021881,1.4978082180023193
904,0.40463805198669434,1.5360603332519531,0.42407354712486267,1.4992130994796753
905,0.40206822752952576,1.5341252088546753,0.411813884973526,1.5182321071624756
906,0.40469998121261597,1.5344116687774658,0.4187796115875244,1.5141440629959106
907,0.40336862206459045,1.5360524654388428,0.4146001636981964,1.508496642112732
908,0.40559786558151245,1.5358198881149292,0.4246308207511902,1.5022062063217163
909,0.4047309458255768,1.5389221906661987,0.42490944266319275,1.5063446760177612
910,0.4029351770877838,1.5357719659805298,0.41850098967552185,1.5048680305480957
911,0.40377113223075867,1.5336552858352661,0.423237681388855,1.4992144107818604
912,0.4060623049736023,1.533019781112671,0.4201727509498596,1.5082859992980957
913,0.40411171317100525,1.5340591669082642,0.4279743731021881,1.4932501316070557
914,0.4077032506465912,1.5338984727859497,0.42212316393852234,1.4953821897506714
915,0.40259459614753723,1.5382417440414429,0.42407354712486267,1.5116370916366577
916,0.40225401520729065,1.5369089841842651,0.419058233499527,1.515345811843872
917,0.40411171317100525,1.5354962348937988,0.42853161692619324,1.5048798322677612
918,0.4049786329269409,1.534968614578247,0.4215658903121948,1.4981510639190674
919,0.40559786558151245,1.5339021682739258,0.41627195477485657,1.5106152296066284
920,0.4005201458930969,1.5364177227020264,0.42295902967453003,1.5032819509506226
921,0.4053192138671875,1.53533935546875,0.423237681388855,1.5091488361358643
922,0.401387095451355,1.536207914352417,0.4282529950141907,1.5012460947036743
923,0.4025017023086548,1.5352964401245117,0.4196154773235321,1.508718490600586
924,0.40259459614753723,1.5395618677139282,0.41794371604919434,1.5112757682800293
925,0.402192085981369,1.5340909957885742,0.4251880645751953,1.498378872871399
926,0.40284228324890137,1.5348210334777832,0.4224017858505249,1.5205084085464478
927,0.40504056215286255,1.5372602939605713,0.4246308207511902,1.5050809383392334
928,0.40296614170074463,1.5364055633544922,0.423237681388855,1.4975264072418213
929,0.40281131863594055,1.5378185510635376,0.42685985565185547,1.4993724822998047
930,0.40411171317100525,1.5360239744186401,0.4168291985988617,1.5084623098373413
931,0.40593844652175903,1.532852053642273,0.419058233499527,1.5073906183242798
932,0.4027184247970581,1.5351089239120483,0.42407354712486267,1.5027515888214111
933,0.4017895758152008,1.5368411540985107,0.4151574373245239,1.5203169584274292
934,0.40392592549324036,1.5350112915039062,0.4182223379611969,1.4992797374725342
935,0.4028732478618622,1.5354499816894531,0.41989412903785706,1.4940484762191772
936,0.4028732478618622,1.5369091033935547,0.41989412903785706,1.5122933387756348
937,0.4085392355918884,1.535444736480713,0.42713847756385803,1.5045756101608276
938,0.40541210770606995,1.5356637239456177,0.41933685541152954,1.5076466798782349
939,0.4070530831813812,1.5330352783203125,0.4288102388381958,1.49911630153656
940,0.4086940288543701,1.5290064811706543,0.4321537911891937,1.4995900392532349
941,0.4069601893424988,1.5346788167953491,0.4279743731021881,1.508992075920105
942,0.4053192138671875,1.5335417985916138,0.4201727509498596,1.5007096529006958
943,0.40355440974235535,1.5328820943832397,0.4218445122241974,1.5017516613006592
944,0.40339958667755127,1.5377099514007568,0.4218445122241974,1.5108827352523804
945,0.40284228324890137,1.5386828184127808,0.42992475628852844,1.4959932565689087
946,0.40395689010620117,1.5366817712783813,0.4243521988391876,1.5013093948364258
947,0.4051644206047058,1.5336195230484009,0.42630258202552795,1.4979941844940186
948,0.4062480628490448,1.5326147079467773,0.41989412903785706,1.5039304494857788
949,0.4049167037010193,1.5359785556793213,0.41376426815986633,1.5239278078079224
950,0.4038020968437195,1.5327832698822021,0.41794371604919434,1.5271803140640259
951,0.40395689010620117,1.5321197509765625,0.4302034080028534,1.5052220821380615
952,0.4021611213684082,1.5391242504119873,0.41153523325920105,1.5101853609085083
953,0.4045761227607727,1.5369670391082764,0.4218445122241974,1.4924423694610596
954,0.4015728533267975,1.5362282991409302,0.4159933030605316,1.51918363571167
955,0.4028732478618622,1.5397005081176758,0.4204513728618622,1.5236754417419434
956,0.4052882492542267,1.531129240989685,0.4279743731021881,1.4965002536773682
957,0.40466901659965515,1.5354427099227905,0.42268040776252747,1.5138510465621948
958,0.4031209349632263,1.5361483097076416,0.4279743731021881,1.4977898597717285
959,0.4025326669216156,1.5347834825515747,0.4210086464881897,1.5025348663330078
960,0.40612420439720154,1.5344330072402954,0.41933685541152954,1.5115259885787964
961,0.40507152676582336,1.53443443775177,0.4237949252128601,1.5143930912017822
962,0.4056907594203949,1.5334858894348145,0.4260239601135254,1.5012224912643433
963,0.3995912969112396,1.5382533073425293,0.42992475628852844,1.5156763792037964
964,0.4051024913787842,1.53690767288208,0.4098634719848633,1.5094572305679321
965,0.40408074855804443,1.5367494821548462,0.4201727509498596,1.5011842250823975
966,0.4040188193321228,1.5337315797805786,0.4196154773235321,1.5114219188690186
967,0.4038640260696411,1.5341802835464478,0.423237681388855,1.4935835599899292
968,0.3999318778514862,1.5388946533203125,0.4173864722251892,1.5212353467941284
969,0.40135613083839417,1.5368611812591553,0.4237949252128601,1.505676031112671
970,0.4027493894100189,1.531165599822998,0.4176650941371918,1.5026251077651978
971,0.40550497174263,1.5347840785980225,0.43271106481552124,1.4989367723464966
972,0.4027184247970581,1.5404006242752075,0.42268040776252747,1.5131757259368896
973,0.4040497839450836,1.5367735624313354,0.4168291985988617,1.5146292448043823
974,0.4016038179397583,1.5362048149108887,0.4218445122241974,1.4970520734786987
975,0.4049167037010193,1.5369552373886108,0.4257453382015228,1.5009121894836426
976,0.40061303973197937,1.5395803451538086,0.4282529950141907,1.498083233833313
977,0.40671250224113464,1.5317354202270508,0.4243521988391876,1.5068787336349487
978,0.4054740369319916,1.5360000133514404,0.4288102388381958,1.5067592859268188
979,0.40596941113471985,1.5312354564666748,0.42128726840019226,1.5216652154922485
980,0.4036163091659546,1.5331538915634155,0.4237949252128601,1.5125269889831543
981,0.4043594002723694,1.535779356956482,0.4196154773235321,1.5071741342544556
982,0.402904212474823,1.5397930145263672,0.41710782051086426,1.508570671081543
983,0.40321382880210876,1.5379559993743896,0.40651991963386536,1.53155517578125
984,0.40147995948791504,1.539670705795288,0.4224017858505249,1.5031028985977173
985,0.40550497174263,1.5328975915908813,0.4126497507095337,1.5025880336761475
986,0.4049167037010193,1.5336838960647583,0.41710782051086426,1.5091791152954102
987,0.40426650643348694,1.536612629890442,0.4140429198741913,1.5179375410079956
988,0.40562883019447327,1.5323203802108765,0.4204513728618622,1.4995577335357666
989,0.40463805198669434,1.5286163091659546,0.41237112879753113,1.5207852125167847
990,0.4017276465892792,1.537564754486084,0.4246308207511902,1.5096379518508911
991,0.4029351770877838,1.5376561880111694,0.4132070243358612,1.5086051225662231
992,0.40262556076049805,1.5346318483352661,0.41237112879753113,1.510271430015564
993,0.4034615159034729,1.5351797342300415,0.42630258202552795,1.4934710264205933
994,0.4012322723865509,1.53605318069458,0.4251880645751953,1.5039690732955933
995,0.40519535541534424,1.536810040473938,0.4210086464881897,1.5118677616119385
996,0.4042355418205261,1.5368165969848633,0.42295902967453003,1.5092774629592896
997,0.4019753634929657,1.5385032892227173,0.4288102388381958,1.498143196105957
998,0.40445229411125183,1.5343577861785889,0.42351630330085754,1.4989060163497925
999,0.40185150504112244,1.5341054201126099,0.4257453382015228,1.4992218017578125
